2018-11-20T19:05:26.684948Z 0 [Warning] TIMESTAMP with implicit DEFAULT value is deprecated. Please use --explicit_defaults_for_timestamp server option (see documentation for more details).
2018-11-20T19:05:26.758018Z 0 [Note] /usr/sbin/mysqld (mysqld 5.7.23) starting as process 24 ...
2018-11-20T19:05:26.801875Z 0 [Note] InnoDB: PUNCH HOLE support available
2018-11-20T19:05:26.810821Z 0 [Note] InnoDB: Mutexes and rw_locks use GCC atomic builtins
2018-11-20T19:05:26.810982Z 0 [Note] InnoDB: Uses event mutexes
2018-11-20T19:05:26.811728Z 0 [Note] InnoDB: GCC builtin __atomic_thread_fence() is used for memory barrier
2018-11-20T19:05:26.811849Z 0 [Note] InnoDB: Compressed tables use zlib 1.2.3
2018-11-20T19:05:26.812094Z 0 [Note] InnoDB: Using Linux native AIO
2018-11-20T19:05:26.813244Z 0 [Note] InnoDB: Number of pools: 1
2018-11-20T19:05:26.814038Z 0 [Note] InnoDB: Using CPU crc32 instructions
2018-11-20T19:05:26.913841Z 0 [Note] InnoDB: Initializing buffer pool, total size = 32M, instances = 1, chunk size = 32M
2018-11-20T19:05:26.916708Z 0 [Note] InnoDB: Completed initialization of buffer pool
2018-11-20T19:05:26.918166Z 0 [Note] InnoDB: If the mysqld execution user is authorized, page cleaner thread priority can be changed. See the man page of setpriority().
2018-11-20T19:05:26.930378Z 0 [Note] InnoDB: Highest supported file format is Barracuda.
2018-11-20T19:05:26.931153Z 0 [Note] InnoDB: Log scan progressed past the checkpoint lsn 2588963
2018-11-20T19:05:26.931263Z 0 [Note] InnoDB: Doing recovery: scanned up to log sequence number 2591784
2018-11-20T19:05:26.931803Z 0 [Note] InnoDB: Database was not shutdown normally!
2018-11-20T19:05:26.931901Z 0 [Note] InnoDB: Starting crash recovery.
2018-11-20T19:05:27.188019Z 0 [Note] InnoDB: Starting an apply batch of log records to the database...
InnoDB: Progress in percent: 16 17 18 19 20 21 22 23 24 25 26 27 28 29 30 31 32 33 34 35 36 37 38 39 40 41 42 43 44 45 46 47 48 49 50 51 52 53 54 55 56 57 58 59 60 61 62 63 64 65 66 67 68 69 70 71 72 73 74 75 76 77 78 79 80 81 82 83 84 85 86 87 88 89 90 91 92 93 94 95 96 97 98 99 
2018-11-20T19:05:27.197005Z 0 [Note] InnoDB: Apply batch completed
2018-11-20T19:05:27.299645Z 0 [Note] InnoDB: Removed temporary tablespace data file: "ibtmp1"
2018-11-20T19:05:27.299864Z 0 [Note] InnoDB: Creating shared tablespace for temporary tables
2018-11-20T19:05:27.300012Z 0 [Note] InnoDB: Setting file './ibtmp1' size to 12 MB. Physically writing the file full; Please wait ...
2018-11-20T19:05:27.383107Z 0 [Note] InnoDB: File './ibtmp1' size is now 12 MB.
2018-11-20T19:05:27.383866Z 0 [Note] InnoDB: 96 redo rollback segment(s) found. 96 redo rollback segment(s) are active.
2018-11-20T19:05:27.383979Z 0 [Note] InnoDB: 32 non-redo rollback segment(s) are active.
2018-11-20T19:05:27.384709Z 0 [Note] InnoDB: Waiting for purge to start
2018-11-20T19:05:27.435700Z 0 [Note] InnoDB: 5.7.23 started; log sequence number 2591784
2018-11-20T19:05:27.436653Z 0 [Note] Plugin 'FEDERATED' is disabled.
2018-11-20T19:05:27.438124Z 0 [Warning] Failed to set up SSL because of the following SSL library error: SSL context is not usable without certificate and private key
2018-11-20T19:05:27.438260Z 0 [Note] Server hostname (bind-address): '*'; port: 3306
2018-11-20T19:05:27.438401Z 0 [Note] IPv6 is available.
2018-11-20T19:05:27.438502Z 0 [Note]   - '::' resolves to '::';
2018-11-20T19:05:27.438581Z 0 [Note] Server socket created on IP: '::'.
2018-11-20T19:05:27.436854Z 0 [Note] InnoDB: Loading buffer pool(s) from /var/lib/mysql/ib_buffer_pool
2018-11-20T19:05:27.440410Z 0 [Note] InnoDB: Buffer pool(s) load completed at 181120 19:05:27
2018-11-20T19:05:27.519259Z 0 [Warning] Insecure configuration for --pid-file: Location '/var/run/mysqld' in the path is accessible to all OS users. Consider choosing a different directory.
2018-11-20T19:05:27.520477Z 0 [ERROR] /usr/sbin/mysqld: Table './mysql/user' is marked as crashed and should be repaired
2018-11-20T19:05:27.521589Z 0 [Warning] Checking table:   './mysql/user'
2018-11-20T19:05:27.522981Z 0 [ERROR] 1 client is using or hasn't closed the table properly
2018-11-20T19:05:27.525369Z 0 [Warning] 'user' entry 'root@localhost' ignored in --skip-name-resolve mode.
2018-11-20T19:05:27.525614Z 0 [Warning] 'user' entry 'mysql.session@localhost' ignored in --skip-name-resolve mode.
2018-11-20T19:05:27.526564Z 0 [Warning] 'user' entry 'mysql.sys@localhost' ignored in --skip-name-resolve mode.
2018-11-20T19:05:27.527565Z 0 [Warning] 'db' entry 'performance_schema mysql.session@localhost' ignored in --skip-name-resolve mode.
2018-11-20T19:05:27.527833Z 0 [Warning] 'db' entry 'sys mysql.sys@localhost' ignored in --skip-name-resolve mode.
2018-11-20T19:05:27.528525Z 0 [Warning] 'proxies_priv' entry '@ root@localhost' ignored in --skip-name-resolve mode.
2018-11-20T19:05:27.530929Z 0 [Warning] 'tables_priv' entry 'user mysql.session@localhost' ignored in --skip-name-resolve mode.
2018-11-20T19:05:27.532505Z 0 [Warning] 'tables_priv' entry 'sys_config mysql.sys@localhost' ignored in --skip-name-resolve mode.
2018-11-20T19:05:27.554097Z 0 [Note] Event Scheduler: Loaded 0 events
2018-11-20T19:05:27.564410Z 0 [Note] /usr/sbin/mysqld: ready for connections.
Version: '5.7.23'  socket: '/var/run/mysqld/mysqld.sock'  port: 3306  MySQL Community Server (GPL)
2018-11-20T19:06:41.738070Z 4 [ERROR] /usr/sbin/mysqld: Table './mysql/proc' is marked as crashed and should be repaired
2018-11-20T19:06:41.738610Z 4 [Warning] Checking table:   './mysql/proc'
2018-11-20T19:06:41.757554Z 6 [Warning] 'user' entry 'root@localhost' ignored in --skip-name-resolve mode.
2018-11-20T19:06:41.757725Z 6 [Warning] 'user' entry 'mysql.session@localhost' ignored in --skip-name-resolve mode.
2018-11-20T19:06:41.757820Z 6 [Warning] 'user' entry 'mysql.sys@localhost' ignored in --skip-name-resolve mode.
2018-11-20T19:06:41.757930Z 6 [Warning] 'db' entry 'performance_schema mysql.session@localhost' ignored in --skip-name-resolve mode.
2018-11-20T19:06:41.758015Z 6 [Warning] 'db' entry 'sys mysql.sys@localhost' ignored in --skip-name-resolve mode.
2018-11-20T19:06:41.758107Z 6 [Warning] 'proxies_priv' entry '@ root@localhost' ignored in --skip-name-resolve mode.
2018-11-20T19:06:41.758506Z 6 [Warning] 'tables_priv' entry 'user mysql.session@localhost' ignored in --skip-name-resolve mode.
2018-11-20T19:06:41.758690Z 6 [Warning] 'tables_priv' entry 'sys_config mysql.sys@localhost' ignored in --skip-name-resolve mode.
2018-11-20T19:19:47.048670Z 0 [Note] Giving 0 client threads a chance to die gracefully
2018-11-20T19:19:47.290669Z 0 [Note] Shutting down slave threads
2018-11-20T19:19:47.291002Z 0 [Note] Forcefully disconnecting 0 remaining clients
2018-11-20T19:19:47.291120Z 0 [Note] Event Scheduler: Purging the queue. 0 events
2018-11-20T19:19:47.291626Z 0 [Note] Binlog end
2018-11-20T19:19:47.293238Z 0 [Note] Shutting down plugin 'ngram'
2018-11-20T19:19:47.293483Z 0 [Note] Shutting down plugin 'partition'
2018-11-20T19:19:47.293858Z 0 [Note] Shutting down plugin 'BLACKHOLE'
2018-11-20T19:19:47.321715Z 0 [Note] Shutting down plugin 'ARCHIVE'
2018-11-20T19:19:47.394274Z 0 [Note] Shutting down plugin 'PERFORMANCE_SCHEMA'
2018-11-20T19:19:47.394598Z 0 [Note] Shutting down plugin 'MRG_MYISAM'
2018-11-20T19:19:47.394999Z 0 [Note] Shutting down plugin 'MyISAM'
2018-11-20T19:19:47.395102Z 0 [Note] Shutting down plugin 'INNODB_SYS_VIRTUAL'
2018-11-20T19:19:47.395303Z 0 [Note] Shutting down plugin 'INNODB_SYS_DATAFILES'
2018-11-20T19:19:47.396031Z 0 [Note] Shutting down plugin 'INNODB_SYS_TABLESPACES'
2018-11-20T19:19:47.396183Z 0 [Note] Shutting down plugin 'INNODB_SYS_FOREIGN_COLS'
2018-11-20T19:19:47.397093Z 0 [Note] Shutting down plugin 'INNODB_SYS_FOREIGN'
2018-11-20T19:19:47.397275Z 0 [Note] Shutting down plugin 'INNODB_SYS_FIELDS'
2018-11-20T19:19:47.397394Z 0 [Note] Shutting down plugin 'INNODB_SYS_COLUMNS'
2018-11-20T19:19:47.397507Z 0 [Note] Shutting down plugin 'INNODB_SYS_INDEXES'
2018-11-20T19:19:47.398021Z 0 [Note] Shutting down plugin 'INNODB_SYS_TABLESTATS'
2018-11-20T19:19:47.398110Z 0 [Note] Shutting down plugin 'INNODB_SYS_TABLES'
2018-11-20T19:19:47.398183Z 0 [Note] Shutting down plugin 'INNODB_FT_INDEX_TABLE'
2018-11-20T19:19:47.643940Z 0 [Note] Shutting down plugin 'INNODB_FT_INDEX_CACHE'
2018-11-20T19:19:47.644239Z 0 [Note] Shutting down plugin 'INNODB_FT_CONFIG'
2018-11-20T19:19:47.644372Z 0 [Note] Shutting down plugin 'INNODB_FT_BEING_DELETED'
2018-11-20T19:19:47.644454Z 0 [Note] Shutting down plugin 'INNODB_FT_DELETED'
2018-11-20T19:19:47.644560Z 0 [Note] Shutting down plugin 'INNODB_FT_DEFAULT_STOPWORD'
2018-11-20T19:19:47.644669Z 0 [Note] Shutting down plugin 'INNODB_METRICS'
2018-11-20T19:19:47.644884Z 0 [Note] Shutting down plugin 'INNODB_TEMP_TABLE_INFO'
2018-11-20T19:19:47.646421Z 0 [Note] Shutting down plugin 'INNODB_BUFFER_POOL_STATS'
2018-11-20T19:19:47.981933Z 0 [Note] Shutting down plugin 'INNODB_BUFFER_PAGE_LRU'
2018-11-20T19:19:47.985745Z 0 [Note] Shutting down plugin 'INNODB_BUFFER_PAGE'
2018-11-20T19:19:48.368271Z 0 [Note] Shutting down plugin 'INNODB_CMP_PER_INDEX_RESET'
2018-11-20T19:19:48.368812Z 0 [Note] Shutting down plugin 'INNODB_CMP_PER_INDEX'
2018-11-20T19:19:48.369379Z 0 [Note] Shutting down plugin 'INNODB_CMPMEM_RESET'
2018-11-20T19:19:48.369494Z 0 [Note] Shutting down plugin 'INNODB_CMPMEM'
2018-11-20T19:19:48.369603Z 0 [Note] Shutting down plugin 'INNODB_CMP_RESET'
2018-11-20T19:19:48.369698Z 0 [Note] Shutting down plugin 'INNODB_CMP'
2018-11-20T19:19:48.369844Z 0 [Note] Shutting down plugin 'INNODB_LOCK_WAITS'
2018-11-20T19:19:48.369986Z 0 [Note] Shutting down plugin 'INNODB_LOCKS'
2018-11-20T19:19:48.370094Z 0 [Note] Shutting down plugin 'INNODB_TRX'
2018-11-20T19:19:48.370392Z 0 [Note] Shutting down plugin 'InnoDB'
2018-11-20T19:19:48.370697Z 0 [Note] InnoDB: FTS optimize thread exiting.
2018-11-20T19:19:48.370988Z 0 [Note] InnoDB: Starting shutdown...
2018-11-20T19:19:48.472830Z 0 [Note] InnoDB: Dumping buffer pool(s) to /var/lib/mysql/ib_buffer_pool
2018-11-20T19:19:48.576054Z 0 [Note] InnoDB: Buffer pool(s) dump completed at 181120 19:19:48
2018-11-20T23:56:42.838196Z 0 [Warning] TIMESTAMP with implicit DEFAULT value is deprecated. Please use --explicit_defaults_for_timestamp server option (see documentation for more details).
2018-11-20T23:56:42.928739Z 0 [Note] /usr/sbin/mysqld (mysqld 5.7.23) starting as process 70 ...
2018-11-20T23:56:43.188489Z 0 [Note] InnoDB: PUNCH HOLE support available
2018-11-20T23:56:43.189382Z 0 [Note] InnoDB: Mutexes and rw_locks use GCC atomic builtins
2018-11-20T23:56:43.189544Z 0 [Note] InnoDB: Uses event mutexes
2018-11-20T23:56:43.190030Z 0 [Note] InnoDB: GCC builtin __atomic_thread_fence() is used for memory barrier
2018-11-20T23:56:43.190555Z 0 [Note] InnoDB: Compressed tables use zlib 1.2.3
2018-11-20T23:56:43.190642Z 0 [Note] InnoDB: Using Linux native AIO
2018-11-20T23:56:43.194323Z 0 [Note] InnoDB: Number of pools: 1
2018-11-20T23:56:43.218294Z 0 [Note] InnoDB: Using CPU crc32 instructions
2018-11-20T23:56:43.237506Z 0 [Note] InnoDB: Initializing buffer pool, total size = 32M, instances = 1, chunk size = 32M
2018-11-20T23:56:43.250437Z 0 [Note] InnoDB: Completed initialization of buffer pool
2018-11-20T23:56:43.259940Z 0 [Note] InnoDB: If the mysqld execution user is authorized, page cleaner thread priority can be changed. See the man page of setpriority().
2018-11-20T23:56:43.325918Z 0 [Note] InnoDB: Highest supported file format is Barracuda.
2018-11-20T23:56:43.361350Z 0 [Note] InnoDB: Log scan progressed past the checkpoint lsn 3843928
2018-11-20T23:56:43.361523Z 0 [Note] InnoDB: Doing recovery: scanned up to log sequence number 3843937
2018-11-20T23:56:43.361625Z 0 [Note] InnoDB: Database was not shutdown normally!
2018-11-20T23:56:43.361721Z 0 [Note] InnoDB: Starting crash recovery.
2018-11-20T23:56:44.218258Z 0 [Note] InnoDB: Removed temporary tablespace data file: "ibtmp1"
2018-11-20T23:56:44.219059Z 0 [Note] InnoDB: Creating shared tablespace for temporary tables
2018-11-20T23:56:44.219751Z 0 [Note] InnoDB: Setting file './ibtmp1' size to 12 MB. Physically writing the file full; Please wait ...
2018-11-20T23:56:44.278354Z 0 [Note] InnoDB: File './ibtmp1' size is now 12 MB.
2018-11-20T23:56:44.279867Z 0 [Note] InnoDB: 96 redo rollback segment(s) found. 96 redo rollback segment(s) are active.
2018-11-20T23:56:44.280247Z 0 [Note] InnoDB: 32 non-redo rollback segment(s) are active.
2018-11-20T23:56:44.281294Z 0 [Note] InnoDB: Waiting for purge to start
2018-11-20T23:56:44.332593Z 0 [Note] InnoDB: 5.7.23 started; log sequence number 3843937
2018-11-20T23:56:44.340438Z 0 [Note] InnoDB: Loading buffer pool(s) from /var/lib/mysql/ib_buffer_pool
2018-11-20T23:56:44.348945Z 0 [Note] Plugin 'FEDERATED' is disabled.
2018-11-20T23:56:44.407719Z 0 [Note] InnoDB: Buffer pool(s) load completed at 181120 23:56:44
2018-11-20T23:56:44.476477Z 0 [Warning] Failed to set up SSL because of the following SSL library error: SSL context is not usable without certificate and private key
2018-11-20T23:56:44.476692Z 0 [Note] Server hostname (bind-address): '*'; port: 3306
2018-11-20T23:56:44.497567Z 0 [Note] IPv6 is available.
2018-11-20T23:56:44.498711Z 0 [Note]   - '::' resolves to '::';
2018-11-20T23:56:44.499248Z 0 [Note] Server socket created on IP: '::'.
2018-11-20T23:56:44.513121Z 0 [Warning] Insecure configuration for --pid-file: Location '/var/run/mysqld' in the path is accessible to all OS users. Consider choosing a different directory.
2018-11-20T23:56:44.568004Z 0 [Warning] 'user' entry 'root@localhost' ignored in --skip-name-resolve mode.
2018-11-20T23:56:44.568615Z 0 [Warning] 'user' entry 'mysql.session@localhost' ignored in --skip-name-resolve mode.
2018-11-20T23:56:44.569195Z 0 [Warning] 'user' entry 'mysql.sys@localhost' ignored in --skip-name-resolve mode.
2018-11-20T23:56:44.570023Z 0 [Warning] 'db' entry 'performance_schema mysql.session@localhost' ignored in --skip-name-resolve mode.
2018-11-20T23:56:44.570528Z 0 [Warning] 'db' entry 'sys mysql.sys@localhost' ignored in --skip-name-resolve mode.
2018-11-20T23:56:44.572057Z 0 [Warning] 'proxies_priv' entry '@ root@localhost' ignored in --skip-name-resolve mode.
2018-11-20T23:56:44.601407Z 0 [Warning] 'tables_priv' entry 'user mysql.session@localhost' ignored in --skip-name-resolve mode.
2018-11-20T23:56:44.601823Z 0 [Warning] 'tables_priv' entry 'sys_config mysql.sys@localhost' ignored in --skip-name-resolve mode.
2018-11-20T23:56:44.800493Z 0 [Note] Event Scheduler: Loaded 0 events
2018-11-20T23:56:44.810898Z 0 [Note] /usr/sbin/mysqld: ready for connections.
Version: '5.7.23'  socket: '/var/run/mysqld/mysqld.sock'  port: 3306  MySQL Community Server (GPL)
2018-11-21T00:09:39.066283Z 0 [Note] Giving 0 client threads a chance to die gracefully
2018-11-21T00:09:39.642934Z 0 [Note] Shutting down slave threads
2018-11-21T00:09:39.643487Z 0 [Note] Forcefully disconnecting 0 remaining clients
2018-11-21T00:09:39.643660Z 0 [Note] Event Scheduler: Purging the queue. 0 events
2018-11-21T00:09:39.643831Z 0 [Note] Binlog end
2018-11-21T00:09:39.644382Z 0 [Note] Shutting down plugin 'ngram'
2018-11-21T00:09:39.644693Z 0 [Note] Shutting down plugin 'partition'
2018-11-21T00:09:39.645168Z 0 [Note] Shutting down plugin 'BLACKHOLE'
2018-11-21T00:09:39.645323Z 0 [Note] Shutting down plugin 'ARCHIVE'
2018-11-21T00:09:39.645486Z 0 [Note] Shutting down plugin 'PERFORMANCE_SCHEMA'
2018-11-21T00:09:39.645615Z 0 [Note] Shutting down plugin 'MRG_MYISAM'
2018-11-21T00:09:39.645721Z 0 [Note] Shutting down plugin 'MyISAM'
2018-11-21T00:09:39.645832Z 0 [Note] Shutting down plugin 'INNODB_SYS_VIRTUAL'
2018-11-21T00:09:39.645934Z 0 [Note] Shutting down plugin 'INNODB_SYS_DATAFILES'
2018-11-21T00:09:39.646029Z 0 [Note] Shutting down plugin 'INNODB_SYS_TABLESPACES'
2018-11-21T00:09:39.646097Z 0 [Note] Shutting down plugin 'INNODB_SYS_FOREIGN_COLS'
2018-11-21T00:09:39.646179Z 0 [Note] Shutting down plugin 'INNODB_SYS_FOREIGN'
2018-11-21T00:09:39.646246Z 0 [Note] Shutting down plugin 'INNODB_SYS_FIELDS'
2018-11-21T00:09:39.646327Z 0 [Note] Shutting down plugin 'INNODB_SYS_COLUMNS'
2018-11-21T00:09:39.646393Z 0 [Note] Shutting down plugin 'INNODB_SYS_INDEXES'
2018-11-21T00:09:39.646474Z 0 [Note] Shutting down plugin 'INNODB_SYS_TABLESTATS'
2018-11-21T00:09:39.646577Z 0 [Note] Shutting down plugin 'INNODB_SYS_TABLES'
2018-11-21T00:09:39.769496Z 0 [Note] Shutting down plugin 'INNODB_FT_INDEX_TABLE'
2018-11-21T00:09:39.769645Z 0 [Note] Shutting down plugin 'INNODB_FT_INDEX_CACHE'
2018-11-21T00:09:39.769748Z 0 [Note] Shutting down plugin 'INNODB_FT_CONFIG'
2018-11-21T00:09:39.769849Z 0 [Note] Shutting down plugin 'INNODB_FT_BEING_DELETED'
2018-11-21T00:09:39.769949Z 0 [Note] Shutting down plugin 'INNODB_FT_DELETED'
2018-11-21T00:09:39.770065Z 0 [Note] Shutting down plugin 'INNODB_FT_DEFAULT_STOPWORD'
2018-11-21T00:09:39.770165Z 0 [Note] Shutting down plugin 'INNODB_METRICS'
2018-11-21T00:09:39.770257Z 0 [Note] Shutting down plugin 'INNODB_TEMP_TABLE_INFO'
2018-11-21T00:09:39.770336Z 0 [Note] Shutting down plugin 'INNODB_BUFFER_POOL_STATS'
2018-11-21T00:09:39.770447Z 0 [Note] Shutting down plugin 'INNODB_BUFFER_PAGE_LRU'
2018-11-21T00:09:39.770560Z 0 [Note] Shutting down plugin 'INNODB_BUFFER_PAGE'
2018-11-21T00:09:39.770673Z 0 [Note] Shutting down plugin 'INNODB_CMP_PER_INDEX_RESET'
2018-11-21T00:09:39.770785Z 0 [Note] Shutting down plugin 'INNODB_CMP_PER_INDEX'
2018-11-21T00:09:39.770898Z 0 [Note] Shutting down plugin 'INNODB_CMPMEM_RESET'
2018-11-21T00:09:39.771034Z 0 [Note] Shutting down plugin 'INNODB_CMPMEM'
2018-11-21T00:09:39.771104Z 0 [Note] Shutting down plugin 'INNODB_CMP_RESET'
2018-11-21T00:09:39.771170Z 0 [Note] Shutting down plugin 'INNODB_CMP'
2018-11-21T00:09:39.771238Z 0 [Note] Shutting down plugin 'INNODB_LOCK_WAITS'
2018-11-21T00:09:39.771308Z 0 [Note] Shutting down plugin 'INNODB_LOCKS'
2018-11-21T00:09:39.771374Z 0 [Note] Shutting down plugin 'INNODB_TRX'
2018-11-21T00:09:39.771440Z 0 [Note] Shutting down plugin 'InnoDB'
2018-11-21T00:09:39.771631Z 0 [Note] InnoDB: FTS optimize thread exiting.
2018-11-21T00:09:39.771924Z 0 [Note] InnoDB: Starting shutdown...
2018-11-21T00:09:39.872579Z 0 [Note] InnoDB: Dumping buffer pool(s) to /var/lib/mysql/ib_buffer_pool
2018-11-21T00:09:39.873179Z 0 [Note] InnoDB: Buffer pool(s) dump completed at 181121  0:09:39
2018-11-21T00:09:43.701204Z 0 [Note] InnoDB: Shutdown completed; log sequence number 3852081
2018-11-21T00:09:43.978992Z 0 [Note] InnoDB: Removed temporary tablespace data file: "ibtmp1"
2018-11-21T00:09:44.679896Z 0 [Note] Shutting down plugin 'MEMORY'
2018-11-21T00:09:44.681977Z 0 [Note] Shutting down plugin 'CSV'
2018-11-21T00:09:44.682350Z 0 [Note] Shutting down plugin 'sha256_password'
2018-11-21T00:09:44.682887Z 0 [Note] Shutting down plugin 'mysql_native_password'
2018-11-21T00:09:44.683191Z 0 [Note] Shutting down plugin 'binlog'
2018-11-21T00:09:44.684182Z 0 [Note] /usr/sbin/mysqld: Shutdown complete

2018-11-22T23:43:10.946520Z 0 [Warning] TIMESTAMP with implicit DEFAULT value is deprecated. Please use --explicit_defaults_for_timestamp server option (see documentation for more details).
2018-11-22T23:43:11.046586Z 0 [Note] /usr/sbin/mysqld (mysqld 5.7.23) starting as process 74 ...
2018-11-22T23:43:11.273610Z 0 [Note] InnoDB: PUNCH HOLE support available
2018-11-22T23:43:11.274209Z 0 [Note] InnoDB: Mutexes and rw_locks use GCC atomic builtins
2018-11-22T23:43:11.275251Z 0 [Note] InnoDB: Uses event mutexes
2018-11-22T23:43:11.276376Z 0 [Note] InnoDB: GCC builtin __atomic_thread_fence() is used for memory barrier
2018-11-22T23:43:11.276498Z 0 [Note] InnoDB: Compressed tables use zlib 1.2.3
2018-11-22T23:43:11.277184Z 0 [Note] InnoDB: Using Linux native AIO
2018-11-22T23:43:11.298088Z 0 [Note] InnoDB: Number of pools: 1
2018-11-22T23:43:11.307841Z 0 [Note] InnoDB: Using CPU crc32 instructions
2018-11-22T23:43:11.355243Z 0 [Note] InnoDB: Initializing buffer pool, total size = 32M, instances = 1, chunk size = 32M
2018-11-22T23:43:11.367496Z 0 [Note] InnoDB: Completed initialization of buffer pool
2018-11-22T23:43:11.373447Z 0 [Note] InnoDB: If the mysqld execution user is authorized, page cleaner thread priority can be changed. See the man page of setpriority().
2018-11-22T23:43:11.467523Z 0 [Note] InnoDB: Highest supported file format is Barracuda.
2018-11-22T23:43:11.673631Z 0 [Note] InnoDB: Creating shared tablespace for temporary tables
2018-11-22T23:43:11.674089Z 0 [Note] InnoDB: Setting file './ibtmp1' size to 12 MB. Physically writing the file full; Please wait ...
2018-11-22T23:43:11.735623Z 0 [Note] InnoDB: File './ibtmp1' size is now 12 MB.
2018-11-22T23:43:11.736714Z 0 [Note] InnoDB: 96 redo rollback segment(s) found. 96 redo rollback segment(s) are active.
2018-11-22T23:43:11.737600Z 0 [Note] InnoDB: 32 non-redo rollback segment(s) are active.
2018-11-22T23:43:11.739265Z 0 [Note] InnoDB: Waiting for purge to start
2018-11-22T23:43:11.790088Z 0 [Note] InnoDB: 5.7.23 started; log sequence number 3852081
2018-11-22T23:43:11.793384Z 0 [Note] InnoDB: Loading buffer pool(s) from /var/lib/mysql/ib_buffer_pool
2018-11-22T23:43:11.802980Z 0 [Note] Plugin 'FEDERATED' is disabled.
2018-11-22T23:43:11.899909Z 0 [Warning] Failed to set up SSL because of the following SSL library error: SSL context is not usable without certificate and private key
2018-11-22T23:43:11.900805Z 0 [Note] Server hostname (bind-address): '*'; port: 3306
2018-11-22T23:43:11.909564Z 0 [Note] IPv6 is available.
2018-11-22T23:43:11.925209Z 0 [Note]   - '::' resolves to '::';
2018-11-22T23:43:11.925916Z 0 [Note] Server socket created on IP: '::'.
2018-11-22T23:43:11.935803Z 0 [Warning] Insecure configuration for --pid-file: Location '/var/run/mysqld' in the path is accessible to all OS users. Consider choosing a different directory.
2018-11-22T23:43:11.991658Z 0 [Warning] 'user' entry 'root@localhost' ignored in --skip-name-resolve mode.
2018-11-22T23:43:11.991990Z 0 [Warning] 'user' entry 'mysql.session@localhost' ignored in --skip-name-resolve mode.
2018-11-22T23:43:11.992580Z 0 [Warning] 'user' entry 'mysql.sys@localhost' ignored in --skip-name-resolve mode.
2018-11-22T23:43:12.021766Z 0 [Warning] 'db' entry 'performance_schema mysql.session@localhost' ignored in --skip-name-resolve mode.
2018-11-22T23:43:12.022063Z 0 [Warning] 'db' entry 'sys mysql.sys@localhost' ignored in --skip-name-resolve mode.
2018-11-22T23:43:12.023802Z 0 [Warning] 'proxies_priv' entry '@ root@localhost' ignored in --skip-name-resolve mode.
2018-11-22T23:43:12.316470Z 0 [Note] InnoDB: Buffer pool(s) load completed at 181122 23:43:12
2018-11-22T23:43:12.348045Z 0 [Warning] 'tables_priv' entry 'user mysql.session@localhost' ignored in --skip-name-resolve mode.
2018-11-22T23:43:12.348214Z 0 [Warning] 'tables_priv' entry 'sys_config mysql.sys@localhost' ignored in --skip-name-resolve mode.
2018-11-22T23:43:14.147747Z 0 [Note] Event Scheduler: Loaded 0 events
2018-11-22T23:43:14.148186Z 0 [Note] /usr/sbin/mysqld: ready for connections.
Version: '5.7.23'  socket: '/var/run/mysqld/mysqld.sock'  port: 3306  MySQL Community Server (GPL)
2018-11-23T00:46:26.099115Z 0 [Note] Giving 0 client threads a chance to die gracefully
2018-11-23T00:46:26.866724Z 0 [Note] Shutting down slave threads
2018-11-23T00:46:26.866862Z 0 [Note] Forcefully disconnecting 0 remaining clients
2018-11-23T00:46:26.866964Z 0 [Note] Event Scheduler: Purging the queue. 0 events
2018-11-23T00:46:26.867143Z 0 [Note] Binlog end
2018-11-23T00:46:26.868609Z 0 [Note] Shutting down plugin 'ngram'
2018-11-23T00:46:26.869036Z 0 [Note] Shutting down plugin 'partition'
2018-11-23T00:46:26.869235Z 0 [Note] Shutting down plugin 'BLACKHOLE'
2018-11-23T00:46:26.869328Z 0 [Note] Shutting down plugin 'ARCHIVE'
2018-11-23T00:46:26.869462Z 0 [Note] Shutting down plugin 'PERFORMANCE_SCHEMA'
2018-11-23T00:46:26.869547Z 0 [Note] Shutting down plugin 'MRG_MYISAM'
2018-11-23T00:46:26.869635Z 0 [Note] Shutting down plugin 'MyISAM'
2018-11-23T00:46:26.869753Z 0 [Note] Shutting down plugin 'INNODB_SYS_VIRTUAL'
2018-11-23T00:46:28.240348Z 0 [Note] Shutting down plugin 'INNODB_SYS_DATAFILES'
2018-11-23T00:46:28.240807Z 0 [Note] Shutting down plugin 'INNODB_SYS_TABLESPACES'
2018-11-23T00:46:28.240896Z 0 [Note] Shutting down plugin 'INNODB_SYS_FOREIGN_COLS'
2018-11-23T00:46:28.241091Z 0 [Note] Shutting down plugin 'INNODB_SYS_FOREIGN'
2018-11-23T00:46:28.241330Z 0 [Note] Shutting down plugin 'INNODB_SYS_FIELDS'
2018-11-23T00:46:28.241460Z 0 [Note] Shutting down plugin 'INNODB_SYS_COLUMNS'
2018-11-23T00:46:28.241687Z 0 [Note] Shutting down plugin 'INNODB_SYS_INDEXES'
2018-11-23T00:46:28.241952Z 0 [Note] Shutting down plugin 'INNODB_SYS_TABLESTATS'
2018-11-23T00:46:28.242148Z 0 [Note] Shutting down plugin 'INNODB_SYS_TABLES'
2018-11-23T00:46:28.242276Z 0 [Note] Shutting down plugin 'INNODB_FT_INDEX_TABLE'
2018-11-23T00:46:28.242407Z 0 [Note] Shutting down plugin 'INNODB_FT_INDEX_CACHE'
2018-11-23T00:46:28.242492Z 0 [Note] Shutting down plugin 'INNODB_FT_CONFIG'
2018-11-23T00:46:28.242582Z 0 [Note] Shutting down plugin 'INNODB_FT_BEING_DELETED'
2018-11-23T00:46:28.242709Z 0 [Note] Shutting down plugin 'INNODB_FT_DELETED'
2018-11-23T00:46:28.242857Z 0 [Note] Shutting down plugin 'INNODB_FT_DEFAULT_STOPWORD'
2018-11-23T00:46:28.242971Z 0 [Note] Shutting down plugin 'INNODB_METRICS'
2018-11-23T00:46:28.243097Z 0 [Note] Shutting down plugin 'INNODB_TEMP_TABLE_INFO'
2018-11-23T00:46:28.243224Z 0 [Note] Shutting down plugin 'INNODB_BUFFER_POOL_STATS'
2018-11-23T00:46:28.243331Z 0 [Note] Shutting down plugin 'INNODB_BUFFER_PAGE_LRU'
2018-11-23T00:46:28.243667Z 0 [Note] Shutting down plugin 'INNODB_BUFFER_PAGE'
2018-11-23T00:46:28.243769Z 0 [Note] Shutting down plugin 'INNODB_CMP_PER_INDEX_RESET'
2018-11-23T00:46:28.243875Z 0 [Note] Shutting down plugin 'INNODB_CMP_PER_INDEX'
2018-11-23T00:46:28.243972Z 0 [Note] Shutting down plugin 'INNODB_CMPMEM_RESET'
2018-11-23T00:46:28.244080Z 0 [Note] Shutting down plugin 'INNODB_CMPMEM'
2018-11-23T00:46:28.677989Z 0 [Note] Shutting down plugin 'INNODB_CMP_RESET'
2018-11-23T00:46:28.678112Z 0 [Note] Shutting down plugin 'INNODB_CMP'
2018-11-23T00:46:28.678270Z 0 [Note] Shutting down plugin 'INNODB_LOCK_WAITS'
2018-11-23T00:46:28.678357Z 0 [Note] Shutting down plugin 'INNODB_LOCKS'
2018-11-23T00:46:28.678451Z 0 [Note] Shutting down plugin 'INNODB_TRX'
2018-11-23T00:46:28.678524Z 0 [Note] Shutting down plugin 'InnoDB'
2018-11-23T00:46:28.678754Z 0 [Note] InnoDB: FTS optimize thread exiting.
2018-11-23T00:46:28.679437Z 0 [Note] InnoDB: Starting shutdown...
2018-11-23T00:46:28.780074Z 0 [Note] InnoDB: Dumping buffer pool(s) to /var/lib/mysql/ib_buffer_pool
2018-11-23T00:46:28.780928Z 0 [Note] InnoDB: Buffer pool(s) dump completed at 181123  0:46:28
2018-11-23T00:46:30.389670Z 0 [Note] InnoDB: Shutdown completed; log sequence number 4485527
2018-11-23T00:46:30.391592Z 0 [Note] InnoDB: Removed temporary tablespace data file: "ibtmp1"
2018-11-23T00:46:30.391753Z 0 [Note] Shutting down plugin 'MEMORY'
2018-11-23T00:46:30.391865Z 0 [Note] Shutting down plugin 'CSV'
2018-11-23T00:46:30.391976Z 0 [Note] Shutting down plugin 'sha256_password'
2018-11-23T00:46:30.392055Z 0 [Note] Shutting down plugin 'mysql_native_password'
2018-11-23T00:46:30.392255Z 0 [Note] Shutting down plugin 'binlog'
2018-11-23T00:46:30.392709Z 0 [Note] /usr/sbin/mysqld: Shutdown complete

2018-11-29T23:11:01.912959Z 0 [Warning] TIMESTAMP with implicit DEFAULT value is deprecated. Please use --explicit_defaults_for_timestamp server option (see documentation for more details).
2018-11-29T23:11:01.930403Z 0 [Note] /usr/sbin/mysqld (mysqld 5.7.23) starting as process 68 ...
2018-11-29T23:11:02.275581Z 0 [Note] InnoDB: PUNCH HOLE support available
2018-11-29T23:11:02.276551Z 0 [Note] InnoDB: Mutexes and rw_locks use GCC atomic builtins
2018-11-29T23:11:02.277519Z 0 [Note] InnoDB: Uses event mutexes
2018-11-29T23:11:02.278318Z 0 [Note] InnoDB: GCC builtin __atomic_thread_fence() is used for memory barrier
2018-11-29T23:11:02.278492Z 0 [Note] InnoDB: Compressed tables use zlib 1.2.3
2018-11-29T23:11:02.279471Z 0 [Note] InnoDB: Using Linux native AIO
2018-11-29T23:11:02.297867Z 0 [Note] InnoDB: Number of pools: 1
2018-11-29T23:11:02.321593Z 0 [Note] InnoDB: Using CPU crc32 instructions
2018-11-29T23:11:02.336814Z 0 [Note] InnoDB: Initializing buffer pool, total size = 32M, instances = 1, chunk size = 32M
2018-11-29T23:11:02.349226Z 0 [Note] InnoDB: Completed initialization of buffer pool
2018-11-29T23:11:02.358599Z 0 [Note] InnoDB: If the mysqld execution user is authorized, page cleaner thread priority can be changed. See the man page of setpriority().
2018-11-29T23:11:02.401620Z 0 [Note] InnoDB: Highest supported file format is Barracuda.
2018-11-29T23:11:02.623350Z 0 [Note] InnoDB: Creating shared tablespace for temporary tables
2018-11-29T23:11:02.623872Z 0 [Note] InnoDB: Setting file './ibtmp1' size to 12 MB. Physically writing the file full; Please wait ...
2018-11-29T23:11:02.668685Z 0 [Note] InnoDB: File './ibtmp1' size is now 12 MB.
2018-11-29T23:11:02.669738Z 0 [Note] InnoDB: 96 redo rollback segment(s) found. 96 redo rollback segment(s) are active.
2018-11-29T23:11:02.670157Z 0 [Note] InnoDB: 32 non-redo rollback segment(s) are active.
2018-11-29T23:11:02.671136Z 0 [Note] InnoDB: Waiting for purge to start
2018-11-29T23:11:02.721749Z 0 [Note] InnoDB: 5.7.23 started; log sequence number 4485527
2018-11-29T23:11:02.728579Z 0 [Note] InnoDB: Loading buffer pool(s) from /var/lib/mysql/ib_buffer_pool
2018-11-29T23:11:02.744713Z 0 [Note] Plugin 'FEDERATED' is disabled.
2018-11-29T23:11:02.850016Z 0 [Warning] Failed to set up SSL because of the following SSL library error: SSL context is not usable without certificate and private key
2018-11-29T23:11:02.850833Z 0 [Note] Server hostname (bind-address): '*'; port: 3306
2018-11-29T23:11:02.859478Z 0 [Note] IPv6 is available.
2018-11-29T23:11:02.860039Z 0 [Note]   - '::' resolves to '::';
2018-11-29T23:11:02.860760Z 0 [Note] Server socket created on IP: '::'.
2018-11-29T23:11:02.885790Z 0 [Warning] Insecure configuration for --pid-file: Location '/var/run/mysqld' in the path is accessible to all OS users. Consider choosing a different directory.
2018-11-29T23:11:03.055771Z 0 [Warning] 'user' entry 'root@localhost' ignored in --skip-name-resolve mode.
2018-11-29T23:11:03.056162Z 0 [Warning] 'user' entry 'mysql.session@localhost' ignored in --skip-name-resolve mode.
2018-11-29T23:11:03.056277Z 0 [Warning] 'user' entry 'mysql.sys@localhost' ignored in --skip-name-resolve mode.
2018-11-29T23:11:03.057155Z 0 [Note] InnoDB: Buffer pool(s) load completed at 181129 23:11:03
2018-11-29T23:11:03.057435Z 0 [Warning] 'db' entry 'performance_schema mysql.session@localhost' ignored in --skip-name-resolve mode.
2018-11-29T23:11:03.058010Z 0 [Warning] 'db' entry 'sys mysql.sys@localhost' ignored in --skip-name-resolve mode.
2018-11-29T23:11:03.058577Z 0 [Warning] 'proxies_priv' entry '@ root@localhost' ignored in --skip-name-resolve mode.
2018-11-29T23:11:03.075301Z 0 [Warning] 'tables_priv' entry 'user mysql.session@localhost' ignored in --skip-name-resolve mode.
2018-11-29T23:11:03.075831Z 0 [Warning] 'tables_priv' entry 'sys_config mysql.sys@localhost' ignored in --skip-name-resolve mode.
2018-11-29T23:11:03.208355Z 0 [Note] Event Scheduler: Loaded 0 events
2018-11-29T23:11:03.220799Z 0 [Note] /usr/sbin/mysqld: ready for connections.
Version: '5.7.23'  socket: '/var/run/mysqld/mysqld.sock'  port: 3306  MySQL Community Server (GPL)
2018-11-30T00:41:18.379686Z 0 [Note] Giving 0 client threads a chance to die gracefully
2018-11-30T00:41:18.415066Z 0 [Note] Shutting down slave threads
2018-11-30T00:41:18.415171Z 0 [Note] Forcefully disconnecting 0 remaining clients
2018-11-30T00:41:18.415771Z 0 [Note] Event Scheduler: Purging the queue. 0 events
2018-11-30T00:41:18.437799Z 0 [Note] Binlog end
2018-11-30T00:41:18.440752Z 0 [Note] Shutting down plugin 'ngram'
2018-11-30T00:41:18.459833Z 0 [Note] Shutting down plugin 'partition'
2018-11-30T00:41:18.459928Z 0 [Note] Shutting down plugin 'BLACKHOLE'
2018-11-30T00:41:18.460185Z 0 [Note] Shutting down plugin 'ARCHIVE'
2018-11-30T00:41:18.460518Z 0 [Note] Shutting down plugin 'PERFORMANCE_SCHEMA'
2018-11-30T00:41:18.471412Z 0 [Note] Shutting down plugin 'MRG_MYISAM'
2018-11-30T00:41:18.526610Z 0 [Note] Shutting down plugin 'MyISAM'
2018-11-30T00:41:18.526820Z 0 [Note] Shutting down plugin 'INNODB_SYS_VIRTUAL'
2018-11-30T00:41:18.526919Z 0 [Note] Shutting down plugin 'INNODB_SYS_DATAFILES'
2018-11-30T00:41:18.527015Z 0 [Note] Shutting down plugin 'INNODB_SYS_TABLESPACES'
2018-11-30T00:41:18.527109Z 0 [Note] Shutting down plugin 'INNODB_SYS_FOREIGN_COLS'
2018-11-30T00:41:18.527265Z 0 [Note] Shutting down plugin 'INNODB_SYS_FOREIGN'
2018-11-30T00:41:18.547711Z 0 [Note] Shutting down plugin 'INNODB_SYS_FIELDS'
2018-11-30T00:41:18.547834Z 0 [Note] Shutting down plugin 'INNODB_SYS_COLUMNS'
2018-11-30T00:41:18.547916Z 0 [Note] Shutting down plugin 'INNODB_SYS_INDEXES'
2018-11-30T00:41:18.547996Z 0 [Note] Shutting down plugin 'INNODB_SYS_TABLESTATS'
2018-11-30T00:41:18.548070Z 0 [Note] Shutting down plugin 'INNODB_SYS_TABLES'
2018-11-30T00:41:18.548151Z 0 [Note] Shutting down plugin 'INNODB_FT_INDEX_TABLE'
2018-11-30T00:41:18.548239Z 0 [Note] Shutting down plugin 'INNODB_FT_INDEX_CACHE'
2018-11-30T00:41:18.548318Z 0 [Note] Shutting down plugin 'INNODB_FT_CONFIG'
2018-11-30T00:41:18.548431Z 0 [Note] Shutting down plugin 'INNODB_FT_BEING_DELETED'
2018-11-30T00:41:18.548523Z 0 [Note] Shutting down plugin 'INNODB_FT_DELETED'
2018-11-30T00:41:18.548621Z 0 [Note] Shutting down plugin 'INNODB_FT_DEFAULT_STOPWORD'
2018-11-30T00:41:18.548740Z 0 [Note] Shutting down plugin 'INNODB_METRICS'
2018-11-30T00:41:18.548841Z 0 [Note] Shutting down plugin 'INNODB_TEMP_TABLE_INFO'
2018-11-30T00:41:18.548939Z 0 [Note] Shutting down plugin 'INNODB_BUFFER_POOL_STATS'
2018-11-30T00:41:18.549058Z 0 [Note] Shutting down plugin 'INNODB_BUFFER_PAGE_LRU'
2018-11-30T00:41:18.549209Z 0 [Note] Shutting down plugin 'INNODB_BUFFER_PAGE'
2018-11-30T00:41:18.549389Z 0 [Note] Shutting down plugin 'INNODB_CMP_PER_INDEX_RESET'
2018-11-30T00:41:18.549490Z 0 [Note] Shutting down plugin 'INNODB_CMP_PER_INDEX'
2018-11-30T00:41:18.549587Z 0 [Note] Shutting down plugin 'INNODB_CMPMEM_RESET'
2018-11-30T00:41:18.549722Z 0 [Note] Shutting down plugin 'INNODB_CMPMEM'
2018-11-30T00:41:18.549822Z 0 [Note] Shutting down plugin 'INNODB_CMP_RESET'
2018-11-30T00:41:18.549917Z 0 [Note] Shutting down plugin 'INNODB_CMP'
2018-11-30T00:41:18.550014Z 0 [Note] Shutting down plugin 'INNODB_LOCK_WAITS'
2018-11-30T00:41:18.550099Z 0 [Note] Shutting down plugin 'INNODB_LOCKS'
2018-11-30T00:41:18.550195Z 0 [Note] Shutting down plugin 'INNODB_TRX'
2018-11-30T00:41:18.550291Z 0 [Note] Shutting down plugin 'InnoDB'
2018-11-30T00:41:18.550546Z 0 [Note] InnoDB: FTS optimize thread exiting.
2018-11-30T00:41:18.550900Z 0 [Note] InnoDB: Starting shutdown...
2018-11-30T00:41:18.651613Z 0 [Note] InnoDB: Dumping buffer pool(s) to /var/lib/mysql/ib_buffer_pool
2018-11-30T00:41:18.652187Z 0 [Note] InnoDB: Buffer pool(s) dump completed at 181130  0:41:18
2018-11-30T00:41:20.065987Z 0 [Note] InnoDB: Shutdown completed; log sequence number 4991198
2018-11-30T00:41:20.067926Z 0 [Note] InnoDB: Removed temporary tablespace data file: "ibtmp1"
2018-11-30T00:41:20.068098Z 0 [Note] Shutting down plugin 'MEMORY'
2018-11-30T00:41:20.068178Z 0 [Note] Shutting down plugin 'CSV'
2018-11-30T00:41:20.068283Z 0 [Note] Shutting down plugin 'sha256_password'
2018-11-30T00:41:20.068360Z 0 [Note] Shutting down plugin 'mysql_native_password'
2018-11-30T00:41:20.068546Z 0 [Note] Shutting down plugin 'binlog'
2018-11-30T00:41:20.069081Z 0 [Note] /usr/sbin/mysqld: Shutdown complete

